0 info it worked if it ends with ok
1 verbose cli [ 'C:\\Program Files (x86)\\nodejs\\\\node.exe',
1 verbose cli   'C:\\Program Files (x86)\\nodejs\\node_modules\\npm\\bin\\npm-cli.js',
1 verbose cli   'i',
1 verbose cli   'mongoose-shortid',
1 verbose cli   '--save-dev' ]
2 info using npm@2.11.3
3 info using node@v0.12.7
4 verbose install initial load of C:\Users\a.kirina\Desktop\projectsDev\express\package.json
5 verbose installManyTop reading scoped package data from C:\Users\a.kirina\Desktop\projectsDev\express\node_modules\body-parser\package.json
6 verbose installManyTop reading scoped package data from C:\Users\a.kirina\Desktop\projectsDev\express\node_modules\connect-busboy\package.json
7 verbose installManyTop reading scoped package data from C:\Users\a.kirina\Desktop\projectsDev\express\node_modules\cookie-parser\package.json
8 verbose installManyTop reading scoped package data from C:\Users\a.kirina\Desktop\projectsDev\express\node_modules\debug\package.json
9 verbose installManyTop reading scoped package data from C:\Users\a.kirina\Desktop\projectsDev\express\node_modules\express\package.json
10 verbose installManyTop reading scoped package data from C:\Users\a.kirina\Desktop\projectsDev\express\node_modules\forever\package.json
11 verbose installManyTop reading scoped package data from C:\Users\a.kirina\Desktop\projectsDev\express\node_modules\jade\package.json
12 verbose installManyTop reading scoped package data from C:\Users\a.kirina\Desktop\projectsDev\express\node_modules\method-override\package.json
13 verbose installManyTop reading scoped package data from C:\Users\a.kirina\Desktop\projectsDev\express\node_modules\mongoose\package.json
14 verbose installManyTop reading scoped package data from C:\Users\a.kirina\Desktop\projectsDev\express\node_modules\morgan\package.json
15 verbose installManyTop reading scoped package data from C:\Users\a.kirina\Desktop\projectsDev\express\node_modules\multer\package.json
16 verbose installManyTop reading scoped package data from C:\Users\a.kirina\Desktop\projectsDev\express\node_modules\multipart\package.json
17 verbose installManyTop reading scoped package data from C:\Users\a.kirina\Desktop\projectsDev\express\node_modules\redis\package.json
18 verbose installManyTop reading scoped package data from C:\Users\a.kirina\Desktop\projectsDev\express\node_modules\serve-favicon\package.json
19 verbose installManyTop reading scoped package data from C:\Users\a.kirina\Desktop\projectsDev\express\node_modules\start-stop-daemon\package.json
20 verbose installManyTop reading scoped package data from C:\Users\a.kirina\Desktop\projectsDev\express\node_modules\stylus\package.json
21 info package.json connect-busboy@0.0.2 No license field.
22 info package.json multipart@0.1.5 No repository field.
23 info package.json multipart@0.1.5 No README data
24 info package.json multipart@0.1.5 No license field.
25 info package.json redis@0.7.2 No license field.
26 info package.json stylus@0.42.3 No license field.
27 info package.json start-stop-daemon@0.1.1 No license field.
28 verbose readDependencies loading dependencies from C:\Users\a.kirina\Desktop\projectsDev\express\package.json
29 silly cache add args [ 'mongoose-shortid', null ]
30 verbose cache add spec mongoose-shortid
31 silly cache add parsed spec { raw: 'mongoose-shortid',
31 silly cache add   scope: null,
31 silly cache add   name: 'mongoose-shortid',
31 silly cache add   rawSpec: '',
31 silly cache add   spec: '*',
31 silly cache add   type: 'range' }
32 silly addNamed mongoose-shortid@*
33 verbose addNamed "*" is a valid semver range for mongoose-shortid
34 silly addNameRange { name: 'mongoose-shortid', range: '*', hasData: false }
35 silly mapToRegistry name mongoose-shortid
36 silly mapToRegistry using default registry
37 silly mapToRegistry registry http://registry.npmjs.org/
38 silly mapToRegistry uri http://registry.npmjs.org/mongoose-shortid
39 verbose addNameRange registry:http://registry.npmjs.org/mongoose-shortid not in flight; fetching
40 verbose request uri http://registry.npmjs.org/mongoose-shortid
41 verbose request no auth needed
42 info attempt registry request try #1 at 10:32:05
43 verbose request id 589b669eb160bd1c
44 verbose etag "ECNJCR5DG6K82K9NJDLHKLCXA"
45 http request GET http://registry.npmjs.org/mongoose-shortid
46 http 304 http://registry.npmjs.org/mongoose-shortid
47 silly get cb [ 304,
47 silly get   { date: 'Mon, 02 Nov 2015 07:32:05 GMT',
47 silly get     via: '1.1 varnish',
47 silly get     'cache-control': 'max-age=60',
47 silly get     etag: '"ECNJCR5DG6K82K9NJDLHKLCXA"',
47 silly get     age: '45',
47 silly get     connection: 'keep-alive',
47 silly get     'x-served-by': 'cache-fra1244-FRA',
47 silly get     'x-cache': 'HIT',
47 silly get     'x-cache-hits': '1',
47 silly get     'x-timer': 'S1446449525.402219,VS0,VE0',
47 silly get     vary: 'Accept' } ]
48 verbose etag http://registry.npmjs.org/mongoose-shortid from cache
49 verbose get saving mongoose-shortid to C:\Users\a.kirina\AppData\Roaming\npm-cache\registry.npmjs.org\mongoose-shortid\.cache.json
50 silly addNameRange number 2 { name: 'mongoose-shortid', range: '*', hasData: true }
51 silly addNameRange versions [ 'mongoose-shortid',
51 silly addNameRange   [ '0.1.0', '0.2.0', '0.2.1', '0.4.0', '0.4.1', '0.4.2' ] ]
52 silly addNamed mongoose-shortid@0.4.2
53 verbose addNamed "0.4.2" is a plain semver version for mongoose-shortid
54 silly cache afterAdd mongoose-shortid@0.4.2
55 verbose afterAdd C:\Users\a.kirina\AppData\Roaming\npm-cache\mongoose-shortid\0.4.2\package\package.json not in flight; writing
56 verbose afterAdd C:\Users\a.kirina\AppData\Roaming\npm-cache\mongoose-shortid\0.4.2\package\package.json written
57 silly install resolved [ { name: 'mongoose-shortid',
57 silly install resolved     description: 'Short Ids for mongoose',
57 silly install resolved     author: { name: 'Jason Choy', email: 'jjwchoy@gmail.com' },
57 silly install resolved     version: '0.4.2',
57 silly install resolved     contributors: [ [Object], [Object], [Object] ],
57 silly install resolved     main: './index.js',
57 silly install resolved     directories: { lib: '.' },
57 silly install resolved     repository:
57 silly install resolved      { type: 'git',
57 silly install resolved        url: 'git+https://github.com/jjwchoy/mongoose-shortid.git' },
57 silly install resolved     keywords: [ 'mongoose' ],
57 silly install resolved     dependencies: { bignum: '~0.6.1' },
57 silly install resolved     peerDependencies: { mongoose: '>= 3.5.0 < 4' },
57 silly install resolved     license: 'MIT',
57 silly install resolved     bugs: { url: 'https://github.com/jjwchoy/mongoose-shortid/issues' },
57 silly install resolved     homepage: 'https://github.com/jjwchoy/mongoose-shortid',
57 silly install resolved     _id: 'mongoose-shortid@0.4.2',
57 silly install resolved     dist:
57 silly install resolved      { shasum: '0f51468ebdcca1d30119d3cff533b2f932eeb799',
57 silly install resolved        tarball: 'http://registry.npmjs.org/mongoose-shortid/-/mongoose-shortid-0.4.2.tgz' },
57 silly install resolved     _from: 'mongoose-shortid@*',
57 silly install resolved     _npmVersion: '1.4.3',
57 silly install resolved     _npmUser: { name: 'jjwchoy', email: 'jjwchoy@gmail.com' },
57 silly install resolved     maintainers: [ [Object] ],
57 silly install resolved     _shasum: '0f51468ebdcca1d30119d3cff533b2f932eeb799',
57 silly install resolved     _resolved: 'http://registry.npmjs.org/mongoose-shortid/-/mongoose-shortid-0.4.2.tgz',
57 silly install resolved     readme: 'ERROR: No README data found!' } ]
58 info install mongoose-shortid@0.4.2 into C:\Users\a.kirina\Desktop\projectsDev\express
59 info installOne mongoose-shortid@0.4.2
60 verbose installOne of mongoose-shortid to C:\Users\a.kirina\Desktop\projectsDev\express not in flight; installing
61 verbose lock using C:\Users\a.kirina\AppData\Roaming\npm-cache\_locks\mongoose-shortid-15f60ea8e7bc4f24.lock for C:\Users\a.kirina\Desktop\projectsDev\express\node_modules\mongoose-shortid
62 silly install write writing mongoose-shortid 0.4.2 to C:\Users\a.kirina\Desktop\projectsDev\express\node_modules\mongoose-shortid
63 verbose unbuild node_modules\mongoose-shortid
64 silly gentlyRm C:\Users\a.kirina\Desktop\projectsDev\express\node_modules\mongoose-shortid is being purged from base C:\Users\a.kirina\Desktop\projectsDev\express
65 verbose gentlyRm don't care about contents; nuking C:\Users\a.kirina\Desktop\projectsDev\express\node_modules\mongoose-shortid
66 verbose tar unpack C:\Users\a.kirina\AppData\Roaming\npm-cache\mongoose-shortid\0.4.2\package.tgz
67 verbose tar unpacking to C:\Users\a.kirina\Desktop\projectsDev\express\node_modules\mongoose-shortid
68 silly gentlyRm C:\Users\a.kirina\Desktop\projectsDev\express\node_modules\mongoose-shortid is being purged
69 verbose gentlyRm don't care about contents; nuking C:\Users\a.kirina\Desktop\projectsDev\express\node_modules\mongoose-shortid
70 silly gunzTarPerm modes [ '777', '666' ]
71 silly gunzTarPerm extractEntry package.json
72 silly gunzTarPerm modified mode [ 'package.json', 420, 438 ]
73 silly gunzTarPerm extractEntry .npmignore
74 silly gunzTarPerm modified mode [ '.npmignore', 420, 438 ]
75 silly gunzTarPerm extractEntry README.md
76 silly gunzTarPerm modified mode [ 'README.md', 420, 438 ]
77 silly gunzTarPerm extractEntry LICENSE
78 silly gunzTarPerm modified mode [ 'LICENSE', 420, 438 ]
79 silly gunzTarPerm extractEntry index.js
80 silly gunzTarPerm modified mode [ 'index.js', 420, 438 ]
81 silly gunzTarPerm extractEntry lib/genid.js
82 silly gunzTarPerm modified mode [ 'lib/genid.js', 420, 438 ]
83 silly gunzTarPerm extractEntry lib/index.js
84 silly gunzTarPerm modified mode [ 'lib/index.js', 420, 438 ]
85 silly gunzTarPerm extractEntry lib/shortid.js
86 silly gunzTarPerm modified mode [ 'lib/shortid.js', 420, 438 ]
87 verbose write writing to C:\Users\a.kirina\Desktop\projectsDev\express\node_modules\mongoose-shortid\package.json
88 info preinstall mongoose-shortid@0.4.2
89 verbose readDependencies loading dependencies from C:\Users\a.kirina\Desktop\projectsDev\express\node_modules\mongoose-shortid\package.json
90 silly prepareForInstallMany adding bignum@~0.6.1 from mongoose-shortid dependencies
91 silly prepareForInstallMany adding mongoose@>= 3.5.0 < 4 from mongoose-shortid peerDependencies
92 warn peerDependencies The peer dependency mongoose@>= 3.5.0 < 4 included from mongoose-shortid will no
93 warn peerDependencies longer be automatically installed to fulfill the peerDependency
94 warn peerDependencies in npm 3+. Your application will need to depend on it explicitly.
95 verbose readDependencies loading dependencies from C:\Users\a.kirina\Desktop\projectsDev\express\node_modules\mongoose-shortid\package.json
96 silly cache add args [ 'bignum@~0.6.1', null ]
97 verbose cache add spec bignum@~0.6.1
98 silly cache add parsed spec { raw: 'bignum@~0.6.1',
98 silly cache add   scope: null,
98 silly cache add   name: 'bignum',
98 silly cache add   rawSpec: '~0.6.1',
98 silly cache add   spec: '>=0.6.1 <0.7.0',
98 silly cache add   type: 'range' }
99 silly addNamed bignum@>=0.6.1 <0.7.0
100 verbose addNamed ">=0.6.1 <0.7.0" is a valid semver range for bignum
101 silly addNameRange { name: 'bignum', range: '>=0.6.1 <0.7.0', hasData: false }
102 silly mapToRegistry name bignum
103 silly mapToRegistry using default registry
104 silly mapToRegistry registry http://registry.npmjs.org/
105 silly mapToRegistry uri http://registry.npmjs.org/bignum
106 verbose addNameRange registry:http://registry.npmjs.org/bignum not in flight; fetching
107 verbose request uri http://registry.npmjs.org/bignum
108 verbose request no auth needed
109 info attempt registry request try #1 at 10:32:05
110 verbose etag "7FE5H8YH8TQHUTWVHWIVSIC4J"
111 http request GET http://registry.npmjs.org/bignum
112 http 304 http://registry.npmjs.org/bignum
113 silly get cb [ 304,
113 silly get   { date: 'Mon, 02 Nov 2015 07:32:05 GMT',
113 silly get     via: '1.1 varnish',
113 silly get     'cache-control': 'max-age=60',
113 silly get     etag: '"7FE5H8YH8TQHUTWVHWIVSIC4J"',
113 silly get     age: '45',
113 silly get     connection: 'keep-alive',
113 silly get     'x-served-by': 'cache-fra1244-FRA',
113 silly get     'x-cache': 'HIT',
113 silly get     'x-cache-hits': '1',
113 silly get     'x-timer': 'S1446449525.514262,VS0,VE0',
113 silly get     vary: 'Accept' } ]
114 verbose etag http://registry.npmjs.org/bignum from cache
115 verbose get saving bignum to C:\Users\a.kirina\AppData\Roaming\npm-cache\registry.npmjs.org\bignum\.cache.json
116 silly addNameRange number 2 { name: 'bignum', range: '>=0.6.1 <0.7.0', hasData: true }
117 silly addNameRange versions [ 'bignum',
117 silly addNameRange   [ '0.4.0',
117 silly addNameRange     '0.4.1',
117 silly addNameRange     '0.5.0',
117 silly addNameRange     '0.5.1',
117 silly addNameRange     '0.5.2',
117 silly addNameRange     '0.5.3',
117 silly addNameRange     '0.5.4',
117 silly addNameRange     '0.6.0',
117 silly addNameRange     '0.6.1',
117 silly addNameRange     '0.6.2',
117 silly addNameRange     '0.7.0',
117 silly addNameRange     '0.8.0',
117 silly addNameRange     '0.9.0',
117 silly addNameRange     '0.9.1',
117 silly addNameRange     '0.9.2',
117 silly addNameRange     '0.9.3',
117 silly addNameRange     '0.10.0',
117 silly addNameRange     '0.10.1',
117 silly addNameRange     '0.10.2',
117 silly addNameRange     '0.11.0' ] ]
118 silly addNamed bignum@0.6.2
119 verbose addNamed "0.6.2" is a plain semver version for bignum
120 silly cache afterAdd bignum@0.6.2
121 verbose afterAdd C:\Users\a.kirina\AppData\Roaming\npm-cache\bignum\0.6.2\package\package.json not in flight; writing
122 verbose afterAdd C:\Users\a.kirina\AppData\Roaming\npm-cache\bignum\0.6.2\package\package.json written
123 silly install resolved [ { name: 'bignum',
123 silly install resolved     version: '0.6.2',
123 silly install resolved     description: 'Arbitrary-precision integer arithmetic using OpenSSL',
123 silly install resolved     main: './index.js',
123 silly install resolved     repository:
123 silly install resolved      { type: 'git',
123 silly install resolved        url: 'git+ssh://git@github.com/justmoon/node-bignum.git' },
123 silly install resolved     keywords:
123 silly install resolved      [ 'openssl',
123 silly install resolved        'big',
123 silly install resolved        'bignum',
123 silly install resolved        'bigint',
123 silly install resolved        'integer',
123 silly install resolved        'arithmetic',
123 silly install resolved        'precision' ],
123 silly install resolved     author:
123 silly install resolved      { name: 'Stefan Thomas',
123 silly install resolved        email: 'justmoon@members.fsf.org',
123 silly install resolved        url: 'http://www.justmoon.net' },
123 silly install resolved     devDependencies: { expresso: '>=0.6.0', binary: '>=0.1.7', put: '>=0.0.5' },
123 silly install resolved     license: 'MIT/X11',
123 silly install resolved     engine: { node: '>=0.8.0' },
123 silly install resolved     scripts: { install: 'node-gyp configure build', test: 'expresso' },
123 silly install resolved     contributors: [ [Object] ],
123 silly install resolved     bugs: { url: 'https://github.com/justmoon/node-bignum/issues' },
123 silly install resolved     _id: 'bignum@0.6.2',
123 silly install resolved     dist:
123 silly install resolved      { shasum: '73099542d00ac244df3b35744f9ce627dd880505',
123 silly install resolved        tarball: 'http://registry.npmjs.org/bignum/-/bignum-0.6.2.tgz' },
123 silly install resolved     _from: 'bignum@>=0.6.1 <0.7.0',
123 silly install resolved     _npmVersion: '1.3.2',
123 silly install resolved     _npmUser: { name: 'justmoon', email: 'justmoon@members.fsf.org' },
123 silly install resolved     maintainers: [ [Object], [Object] ],
123 silly install resolved     directories: {},
123 silly install resolved     _shasum: '73099542d00ac244df3b35744f9ce627dd880505',
123 silly install resolved     _resolved: 'http://registry.npmjs.org/bignum/-/bignum-0.6.2.tgz',
123 silly install resolved     readme: 'ERROR: No README data found!',
123 silly install resolved     homepage: 'https://github.com/justmoon/node-bignum#readme' } ]
124 info install bignum@0.6.2 into C:\Users\a.kirina\Desktop\projectsDev\express\node_modules\mongoose-shortid
125 info installOne bignum@0.6.2
126 verbose installOne of bignum to C:\Users\a.kirina\Desktop\projectsDev\express\node_modules\mongoose-shortid not in flight; installing
127 verbose lock using C:\Users\a.kirina\AppData\Roaming\npm-cache\_locks\bignum-3452d24a55146797.lock for C:\Users\a.kirina\Desktop\projectsDev\express\node_modules\mongoose-shortid\node_modules\bignum
128 silly install write writing bignum 0.6.2 to C:\Users\a.kirina\Desktop\projectsDev\express\node_modules\mongoose-shortid\node_modules\bignum
129 verbose unbuild node_modules\mongoose-shortid\node_modules\bignum
130 silly gentlyRm C:\Users\a.kirina\Desktop\projectsDev\express\node_modules\mongoose-shortid\node_modules\bignum is being purged from base C:\Users\a.kirina\Desktop\projectsDev\express
131 verbose gentlyRm don't care about contents; nuking C:\Users\a.kirina\Desktop\projectsDev\express\node_modules\mongoose-shortid\node_modules\bignum
132 verbose tar unpack C:\Users\a.kirina\AppData\Roaming\npm-cache\bignum\0.6.2\package.tgz
133 verbose tar unpacking to C:\Users\a.kirina\Desktop\projectsDev\express\node_modules\mongoose-shortid\node_modules\bignum
134 silly gentlyRm C:\Users\a.kirina\Desktop\projectsDev\express\node_modules\mongoose-shortid\node_modules\bignum is being purged
135 verbose gentlyRm don't care about contents; nuking C:\Users\a.kirina\Desktop\projectsDev\express\node_modules\mongoose-shortid\node_modules\bignum
136 silly gunzTarPerm modes [ '777', '666' ]
137 silly gunzTarPerm extractEntry package.json
138 silly gunzTarPerm modified mode [ 'package.json', 420, 438 ]
139 silly gunzTarPerm extractEntry .npmignore
140 silly gunzTarPerm modified mode [ '.npmignore', 420, 438 ]
141 silly gunzTarPerm extractEntry index.js
142 silly gunzTarPerm modified mode [ 'index.js', 420, 438 ]
143 silly gunzTarPerm extractEntry .travis.yml
144 silly gunzTarPerm modified mode [ '.travis.yml', 420, 438 ]
145 silly gunzTarPerm extractEntry README.markdown
146 silly gunzTarPerm modified mode [ 'README.markdown', 420, 438 ]
147 silly gunzTarPerm extractEntry bignum.cc
148 silly gunzTarPerm modified mode [ 'bignum.cc', 420, 438 ]
149 silly gunzTarPerm extractEntry binding.gyp
150 silly gunzTarPerm modified mode [ 'binding.gyp', 420, 438 ]
151 silly gunzTarPerm extractEntry examples/gen.js
152 silly gunzTarPerm modified mode [ 'examples/gen.js', 420, 438 ]
153 silly gunzTarPerm extractEntry examples/perfect.js
154 silly gunzTarPerm modified mode [ 'examples/perfect.js', 420, 438 ]
155 silly gunzTarPerm extractEntry examples/simple.js
156 silly gunzTarPerm modified mode [ 'examples/simple.js', 420, 438 ]
157 silly gunzTarPerm extractEntry test/big.js
158 silly gunzTarPerm modified mode [ 'test/big.js', 420, 438 ]
159 silly gunzTarPerm extractEntry test/buf.js
160 silly gunzTarPerm modified mode [ 'test/buf.js', 420, 438 ]
161 silly gunzTarPerm extractEntry test/seed.js
162 silly gunzTarPerm modified mode [ 'test/seed.js', 420, 438 ]
163 verbose write writing to C:\Users\a.kirina\Desktop\projectsDev\express\node_modules\mongoose-shortid\node_modules\bignum\package.json
164 info preinstall bignum@0.6.2
165 verbose readDependencies loading dependencies from C:\Users\a.kirina\Desktop\projectsDev\express\node_modules\mongoose-shortid\node_modules\bignum\package.json
166 verbose readDependencies loading dependencies from C:\Users\a.kirina\Desktop\projectsDev\express\node_modules\mongoose-shortid\node_modules\bignum\package.json
167 silly install resolved []
168 verbose about to build C:\Users\a.kirina\Desktop\projectsDev\express\node_modules\mongoose-shortid\node_modules\bignum
169 info build C:\Users\a.kirina\Desktop\projectsDev\express\node_modules\mongoose-shortid\node_modules\bignum
170 info linkStuff bignum@0.6.2
171 silly linkStuff bignum@0.6.2 has C:\Users\a.kirina\Desktop\projectsDev\express\node_modules\mongoose-shortid\node_modules as its parent node_modules
172 verbose linkBins bignum@0.6.2
173 verbose linkMans bignum@0.6.2
174 verbose rebuildBundles bignum@0.6.2
175 info install bignum@0.6.2
176 verbose unsafe-perm in lifecycle true
177 info bignum@0.6.2 Failed to exec install script
178 verbose unlock done using C:\Users\a.kirina\AppData\Roaming\npm-cache\_locks\bignum-3452d24a55146797.lock for C:\Users\a.kirina\Desktop\projectsDev\express\node_modules\mongoose-shortid\node_modules\bignum
179 verbose about to build C:\Users\a.kirina\Desktop\projectsDev\express\node_modules\mongoose-shortid
180 verbose unlock done using C:\Users\a.kirina\AppData\Roaming\npm-cache\_locks\mongoose-shortid-15f60ea8e7bc4f24.lock for C:\Users\a.kirina\Desktop\projectsDev\express\node_modules\mongoose-shortid
181 verbose stack Error: bignum@0.6.2 install: `node-gyp configure build`
181 verbose stack Exit status 1
181 verbose stack     at EventEmitter.<anonymous> (C:\Program Files (x86)\nodejs\node_modules\npm\lib\utils\lifecycle.js:213:16)
181 verbose stack     at EventEmitter.emit (events.js:110:17)
181 verbose stack     at ChildProcess.<anonymous> (C:\Program Files (x86)\nodejs\node_modules\npm\lib\utils\spawn.js:24:14)
181 verbose stack     at ChildProcess.emit (events.js:110:17)
181 verbose stack     at maybeClose (child_process.js:1015:16)
181 verbose stack     at Process.ChildProcess._handle.onexit (child_process.js:1087:5)
182 verbose pkgid bignum@0.6.2
183 verbose cwd C:\Users\a.kirina\Desktop\projectsDev\express
184 error Windows_NT 6.1.7600
185 error argv "C:\\Program Files (x86)\\nodejs\\\\node.exe" "C:\\Program Files (x86)\\nodejs\\node_modules\\npm\\bin\\npm-cli.js" "i" "mongoose-shortid" "--save-dev"
186 error node v0.12.7
187 error npm  v2.11.3
188 error code ELIFECYCLE
189 error bignum@0.6.2 install: `node-gyp configure build`
189 error Exit status 1
190 error Failed at the bignum@0.6.2 install script 'node-gyp configure build'.
190 error This is most likely a problem with the bignum package,
190 error not with npm itself.
190 error Tell the author that this fails on your system:
190 error     node-gyp configure build
190 error You can get their info via:
190 error     npm owner ls bignum
190 error There is likely additional logging output above.
191 verbose exit [ 1, true ]
192 verbose unbuild node_modules\mongoose-shortid\node_modules\bignum
193 info preuninstall bignum@0.6.2
194 info uninstall bignum@0.6.2
195 verbose unbuild rmStuff bignum@0.6.2 from C:\Users\a.kirina\Desktop\projectsDev\express\node_modules
196 verbose unbuild rmStuff in C:\Users\a.kirina\Desktop\projectsDev\express\node_modules\mongoose-shortid\node_modules
197 info postuninstall bignum@0.6.2
198 silly gentlyRm C:\Users\a.kirina\Desktop\projectsDev\express\node_modules\mongoose-shortid\node_modules\bignum is being purged from base C:\Users\a.kirina\Desktop\projectsDev\express
199 verbose gentlyRm don't care about contents; nuking C:\Users\a.kirina\Desktop\projectsDev\express\node_modules\mongoose-shortid\node_modules\bignum
200 silly vacuum-fs purging C:\Users\a.kirina\Desktop\projectsDev\express\node_modules\mongoose-shortid\node_modules\bignum
201 silly vacuum-fs removing C:\Users\a.kirina\Desktop\projectsDev\express\node_modules\mongoose-shortid\node_modules
202 silly vacuum-fs quitting because other entries in C:\Users\a.kirina\Desktop\projectsDev\express\node_modules\mongoose-shortid
203 verbose unbuild node_modules\mongoose-shortid
204 info preuninstall mongoose-shortid@0.4.2
205 info uninstall mongoose-shortid@0.4.2
206 verbose unbuild rmStuff mongoose-shortid@0.4.2 from C:\Users\a.kirina\Desktop\projectsDev\express\node_modules
207 info postuninstall mongoose-shortid@0.4.2
208 silly gentlyRm C:\Users\a.kirina\Desktop\projectsDev\express\node_modules\mongoose-shortid is being purged from base C:\Users\a.kirina\Desktop\projectsDev\express
209 verbose gentlyRm don't care about contents; nuking C:\Users\a.kirina\Desktop\projectsDev\express\node_modules\mongoose-shortid
210 silly vacuum-fs purging C:\Users\a.kirina\Desktop\projectsDev\express\node_modules\mongoose-shortid
211 silly vacuum-fs quitting because other entries in C:\Users\a.kirina\Desktop\projectsDev\express\node_modules
